[debug] [2018-11-25T12:59:04.773Z] ----------------------------------------------------------------------
[debug] [2018-11-25T12:59:04.775Z] Command:       /usr/local/Cellar/node/11.1.0/bin/node /usr/local/bin/firebase serve --only functions
[debug] [2018-11-25T12:59:04.776Z] CLI Version:   6.1.1
[debug] [2018-11-25T12:59:04.776Z] Platform:      darwin
[debug] [2018-11-25T12:59:04.776Z] Node Version:  v11.1.0
[debug] [2018-11-25T12:59:04.777Z] Time:          Sun Nov 25 2018 12:59:04 GMT+0000 (Greenwich Mean Time)
[debug] [2018-11-25T12:59:04.777Z] ----------------------------------------------------------------------
[debug] 
[debug] [2018-11-25T12:59:04.792Z] > command requires scopes: ["email","openid","https://www.googleapis.com/auth/cloudplatformprojects.readonly","https://www.googleapis.com/auth/firebase","https://www.googleapis.com/auth/cloud-platform"]
[debug] [2018-11-25T12:59:04.792Z] > authorizing via signed-in user
[debug] [2018-11-25T12:59:04.792Z] [iam] checking project liber-98ff3 for permissions ["firebase.projects.get"]
[debug] [2018-11-25T12:59:04.794Z] > refreshing access token with scopes: ["email","https://www.googleapis.com/auth/cloud-platform","https://www.googleapis.com/auth/cloudplatformprojects.readonly","https://www.googleapis.com/auth/firebase","openid"]
[debug] [2018-11-25T12:59:04.794Z] >>> HTTP REQUEST POST https://www.googleapis.com/oauth2/v3/token  
 <request body omitted>
[debug] [2018-11-25T12:59:04.937Z] <<< HTTP RESPONSE 200
[debug] [2018-11-25T12:59:04.952Z] >>> HTTP REQUEST POST https://cloudresourcemanager.googleapis.com/v1/projects/liber-98ff3:testIamPermissions  

[debug] [2018-11-25T12:59:05.631Z] <<< HTTP RESPONSE 200
[debug] [2018-11-25T12:59:05.633Z] >>> HTTP REQUEST GET https://cloudresourcemanager.googleapis.com/v1/projects/liber-98ff3  
 
[debug] [2018-11-25T12:59:06.400Z] <<< HTTP RESPONSE 200
[info] 
[info] === Serving from '/Users/aluxian/Downloads/liber-firebase'...
[info] 
[info] i  functions: Preparing to emulate functions.
[debug] [2018-11-25T12:59:07.220Z] Fetching environment
[debug] [2018-11-25T12:59:07.221Z] >>> HTTP REQUEST GET https://mobilesdk-pa.googleapis.com/v1/projects/1094026479299:getServerAppConfig  
 
[debug] [2018-11-25T12:59:07.376Z] <<< HTTP RESPONSE 200
[debug] [2018-11-25T12:59:07.377Z] Starting @google-cloud/functions-emulator
[debug] [2018-11-25T12:59:08.921Z] Parsing function triggers
[info] ✔  functions: finishSignUp: http://localhost:5000/liber-98ff3/us-central1/finishSignUp
[info] ✔  functions: sendMobileCode: http://localhost:5000/liber-98ff3/us-central1/sendMobileCode
[info] ✔  functions: withdraw: http://localhost:5000/liber-98ff3/us-central1/withdraw
[info] ✔  functions: importAprexo: http://localhost:5000/liber-98ff3/us-central1/importAprexo
[info] ✔  functions: liveBitcoin: http://localhost:5000/liber-98ff3/us-central1/liveBitcoin
[info] ✔  functions: railsbankWebhook: http://localhost:5000/liber-98ff3/us-central1/railsbankWebhook
[info] ✔  functions: continuouslyUpdateBtcAmount: http://localhost:5000/liber-98ff3/us-central1/continuouslyUpdateBtcAmount
